<?xml version="1.0" encoding="UTF-8"?>
<!-- Generated by org.testng.reporters.JUnitXMLReporter -->
<testsuite ignored="0" hostname="L5152N13" failures="0" tests="7" name="Default test" time="0.1" errors="0" timestamp="2022-09-30T17:18:28 IST">
  <testcase classname="Java8Practice.StreamMethod" name="example1" time="0.008"/>
  <testcase classname="Java8Practice.StreamMethod" name="example2" time="0.002"/>
  <testcase classname="Java8Practice.StreamMethod" name="example3" time="0.001"/>
  <testcase classname="Java8Practice.StreamMethod" name="example5" time="0.006"/>
  <testcase classname="Java8Practice.StreamMethod" name="foreach" time="0.006"/>
  <testcase classname="Java8Practice.StreamMethod" name="parallelStr" time="0.008"/>
  <testcase classname="Java8Practice.StreamMethod" name="streamBuilderMethod" time="0.002"/>
</testsuite> <!-- Default test -->
