<?xml version="1.0" encoding="UTF-8"?>
<!-- Generated by org.testng.reporters.JUnitXMLReporter -->
<testsuite ignored="0" hostname="L5152N13" failures="0" tests="4" name="Default test" time="0.051" errors="0" timestamp="2022-09-29T20:33:36 IST">
  <testcase classname="Java8Practice.StreamCollectors" name="averageingInt" time="0.01"/>
  <testcase classname="Java8Practice.StreamCollectors" name="maxby" time="0.003"/>
  <testcase classname="Java8Practice.StreamCollectors" name="minby" time="0.002"/>
  <testcase classname="Java8Practice.StreamCollectors" name="toset" time="0.001"/>
</testsuite> <!-- Default test -->
