<?xml version="1.0" encoding="UTF-8"?>
<!-- Generated by org.testng.reporters.JUnitXMLReporter -->
<testsuite ignored="5" hostname="L5152N13" failures="0" tests="1" name="Default test" time="0.031" errors="0" timestamp="2022-09-29T21:22:01 IST">
  <testcase classname="Java8Practice.StreamCollectors" name="partitionby" time="0.01"/>
  <testcase classname="Java8Practice.StreamCollectors" name="toset" time="0.0">
    <ignored/>
  </testcase> <!-- toset -->
  <testcase classname="Java8Practice.StreamCollectors" name="maxby" time="0.0">
    <ignored/>
  </testcase> <!-- maxby -->
  <testcase classname="Java8Practice.StreamCollectors" name="collections" time="0.0">
    <ignored/>
  </testcase> <!-- collections -->
  <testcase classname="Java8Practice.StreamCollectors" name="averageingInt" time="0.0">
    <ignored/>
  </testcase> <!-- averageingInt -->
  <testcase classname="Java8Practice.StreamCollectors" name="minby" time="0.0">
    <ignored/>
  </testcase> <!-- minby -->
</testsuite> <!-- Default test -->
