<?xml version="1.0" encoding="UTF-8"?>
<!-- Generated by org.testng.reporters.JUnitXMLReporter -->
<testsuite hostname="L5152N13" ignored="0" name="Default test" tests="3" failures="0" timestamp="2022-08-13T15:52:00 IST" time="0.054" errors="0">
  <testcase name="CopyOnWrite" time="0.009" classname="Thread.CollectionsSynchronized"/>
  <testcase name="synchronised_Collection" time="0.002" classname="Thread.CollectionsSynchronized"/>
  <testcase name="synchronised_List" time="0.001" classname="Thread.CollectionsSynchronized"/>
</testsuite> <!-- Default test -->
