<?xml version="1.0" encoding="UTF-8"?>
<testng-results ignored="0" total="7" passed="7" failed="0" skipped="0">
  <reporter-output>
  </reporter-output>
  <suite started-at="2022-09-30T17:18:28 IST" name="Default suite" finished-at="2022-09-30T17:18:28 IST" duration-ms="100">
    <groups>
    </groups>
    <test started-at="2022-09-30T17:18:28 IST" name="Default test" finished-at="2022-09-30T17:18:28 IST" duration-ms="100">
      <class name="Java8Practice.StreamMethod">
        <test-method signature="example1()[pri:0, instance:Java8Practice.StreamMethod@7b02881e]" started-at="2022-09-30T17:18:28 IST" name="example1" finished-at="2022-09-30T17:18:28 IST" duration-ms="8" status="PASS">
          <reporter-output>
          </reporter-output>
        </test-method> <!-- example1 -->
        <test-method signature="example2()[pri:0, instance:Java8Practice.StreamMethod@7b02881e]" started-at="2022-09-30T17:18:28 IST" name="example2" finished-at="2022-09-30T17:18:28 IST" duration-ms="2" status="PASS">
          <reporter-output>
          </reporter-output>
        </test-method> <!-- example2 -->
        <test-method signature="example3()[pri:0, instance:Java8Practice.StreamMethod@7b02881e]" started-at="2022-09-30T17:18:28 IST" name="example3" finished-at="2022-09-30T17:18:28 IST" duration-ms="1" status="PASS">
          <reporter-output>
          </reporter-output>
        </test-method> <!-- example3 -->
        <test-method signature="example5()[pri:0, instance:Java8Practice.StreamMethod@7b02881e]" started-at="2022-09-30T17:18:28 IST" name="example5" finished-at="2022-09-30T17:18:28 IST" duration-ms="6" status="PASS">
          <reporter-output>
          </reporter-output>
        </test-method> <!-- example5 -->
        <test-method signature="foreach()[pri:0, instance:Java8Practice.StreamMethod@7b02881e]" started-at="2022-09-30T17:18:28 IST" name="foreach" finished-at="2022-09-30T17:18:28 IST" duration-ms="6" status="PASS">
          <reporter-output>
          </reporter-output>
        </test-method> <!-- foreach -->
        <test-method signature="parallelStr()[pri:0, instance:Java8Practice.StreamMethod@7b02881e]" started-at="2022-09-30T17:18:28 IST" name="parallelStr" finished-at="2022-09-30T17:18:28 IST" duration-ms="8" status="PASS">
          <reporter-output>
          </reporter-output>
        </test-method> <!-- parallelStr -->
        <test-method signature="streamBuilderMethod()[pri:0, instance:Java8Practice.StreamMethod@7b02881e]" started-at="2022-09-30T17:18:28 IST" name="streamBuilderMethod" finished-at="2022-09-30T17:18:28 IST" duration-ms="2" status="PASS">
          <reporter-output>
          </reporter-output>
        </test-method> <!-- streamBuilderMethod -->
      </class> <!-- Java8Practice.StreamMethod -->
    </test> <!-- Default test -->
  </suite> <!-- Default suite -->
</testng-results>
