<?xml version="1.0" encoding="UTF-8"?>
<testng-results skipped="0" failed="0" ignored="0" total="1" passed="1">
  <reporter-output>
  </reporter-output>
  <suite name="Default suite" duration-ms="42" started-at="2022-09-06T19:41:11 IST" finished-at="2022-09-06T19:41:11 IST">
    <groups>
    </groups>
    <test name="Default test" duration-ms="42" started-at="2022-09-06T19:41:11 IST" finished-at="2022-09-06T19:41:11 IST">
      <class name="Java8Concept.FindMinAndMax">
        <test-method status="PASS" signature="example1()[pri:0, instance:Java8Concept.FindMinAndMax@4b4523f8]" name="example1" duration-ms="10" started-at="2022-09-06T19:41:11 IST" finished-at="2022-09-06T19:41:11 IST">
          <reporter-output>
          </reporter-output>
        </test-method> <!-- example1 -->
      </class> <!-- Java8Concept.FindMinAndMax -->
    </test> <!-- Default test -->
  </suite> <!-- Default suite -->
</testng-results>
